Current running pid: 12530
Prepare to load table
Loading table done
Reading column names
Generate candidates
Potential indexes: 55
Potential indexes: 55
Potential indexes: 55
Potential indexes: 120
Potential indexes: 120
Potential indexes: 120
Potential indexes: 175
Potential indexes: 175
Potential indexes: 175
Potential indexes: 110
Potential indexes: 110
Potential indexes: 110
Potential indexes: 62
Potential indexes: 62
Potential indexes: 62
Potential indexes: 111
Potential indexes: 111
Potential indexes: 111
Potential indexes: 97
Potential indexes: 97
Potential indexes: 97
Potential indexes: 67
Potential indexes: 67
Potential indexes: 67
Potential indexes: 81
Potential indexes: 81
Potential indexes: 81
Potential indexes: 84
Potential indexes: 84
Potential indexes: 84
Potential indexes: 92
Potential indexes: 92
Potential indexes: 92
Potential indexes: 57
Potential indexes: 57
Potential indexes: 57
Potential indexes: 104
Potential indexes: 104
Potential indexes: 104
Potential indexes: 101
Potential indexes: 101
Potential indexes: 101
Potential indexes: 159
Potential indexes: 159
Potential indexes: 159
Potential indexes: 201
Potential indexes: 201
Potential indexes: 201
Potential indexes: 205
Potential indexes: 205
Potential indexes: 205
Potential indexes: 79
Potential indexes: 79
Potential indexes: 79
Potential indexes: 313
Potential indexes: 313
Potential indexes: 313
Potential indexes: 73
Potential indexes: 73
Potential indexes: 73
Potential indexes: 263
Potential indexes: 263
Potential indexes: 263
Potential indexes: 144
Potential indexes: 144
Potential indexes: 144
Potential indexes: 91
Potential indexes: 91
Potential indexes: 91
Potential indexes: 144
Potential indexes: 144
Potential indexes: 144
Potential indexes: 56
Potential indexes: 56
Potential indexes: 56
Potential indexes: 145
Potential indexes: 145
Potential indexes: 145
Potential indexes: 102
Potential indexes: 102
Potential indexes: 102
Potential indexes: 73
Potential indexes: 73
Potential indexes: 73
Potential indexes: 82
Potential indexes: 82
Potential indexes: 82
Potential indexes: 94
Potential indexes: 94
Potential indexes: 94
Potential indexes: 45
Potential indexes: 45
Potential indexes: 45
Potential indexes: 45
Potential indexes: 45
Potential indexes: 45
Potential indexes: 178
Potential indexes: 178
Potential indexes: 178
Potential indexes: 318
Potential indexes: 318
Potential indexes: 318
Potential indexes: 301
Potential indexes: 301
Potential indexes: 301
Potential indexes: 132
Potential indexes: 132
Potential indexes: 132
Potential indexes: 77
Potential indexes: 77
Potential indexes: 77
111 candidates are generated
iteration no: 75: 
	current index config: set()
	now running the 0th run on 0th index config
	now running the 1th run on 0th index config
	now running the 2th run on 0th index config
	now running the 3th run on 0th index config
	current index config: {I(C web_sales.ws_net_profit,C web_sales.ws_sold_date_sk)}
	now running the 0th run on 1th index config
	now running the 1th run on 1th index config
	now running the 2th run on 1th index config
	now running the 3th run on 1th index config
	current index config: {I(C web_sales.ws_net_profit,C web_sales.ws_quantity), I(C web_returns.wr_refunded_addr_sk,C web_returns.wr_item_sk)}
	now running the 0th run on 2th index config
	now running the 1th run on 2th index config
	now running the 2th run on 2th index config
	now running the 3th run on 2th index config
	current index config: {I(C web_sales.ws_quantity,C web_sales.ws_sold_date_sk), I(C web_returns.wr_refunded_addr_sk,C web_returns.wr_returning_cdemo_sk), I(C web_sales.ws_net_profit,C web_sales.ws_order_number)}
	now running the 0th run on 3th index config
	now running the 1th run on 3th index config
	now running the 2th run on 3th index config
	now running the 3th run on 3th index config
	current index config: {I(C customer_demographics.cd_education_status,C customer_demographics.cd_demo_sk), I(C web_returns.wr_fee,C web_returns.wr_reason_sk), I(C customer_address.ca_country), I(C web_returns.wr_item_sk,C web_returns.wr_refunded_cdemo_sk)}
	now running the 0th run on 4th index config
	now running the 1th run on 4th index config
	now running the 2th run on 4th index config
	now running the 3th run on 4th index config
iteration no: 76: 
	current index config: set()
	now running the 0th run on 0th index config
	now running the 1th run on 0th index config
	now running the 2th run on 0th index config
	now running the 3th run on 0th index config
	current index config: {I(C web_returns.wr_fee,C web_returns.wr_item_sk)}
	now running the 0th run on 1th index config
	now running the 1th run on 1th index config
	now running the 2th run on 1th index config
	now running the 3th run on 1th index config
	current index config: {I(C web_returns.wr_order_number,C web_returns.wr_returning_cdemo_sk), I(C web_returns.wr_refunded_cdemo_sk,C web_returns.wr_item_sk)}
	now running the 0th run on 2th index config
	now running the 1th run on 2th index config
	now running the 2th run on 2th index config
	now running the 3th run on 2th index config
	current index config: {I(C web_returns.wr_refunded_cdemo_sk,C web_returns.wr_fee), I(C web_returns.wr_returning_cdemo_sk,C web_returns.wr_order_number), I(C web_sales.ws_sales_price,C web_sales.ws_web_page_sk)}
	now running the 0th run on 3th index config
	now running the 1th run on 3th index config
	now running the 2th run on 3th index config
	now running the 3th run on 3th index config
	current index config: {I(C date_dim.d_year), I(C web_returns.wr_item_sk,C web_returns.wr_order_number), I(C customer_address.ca_state,C customer_address.ca_address_sk), I(C customer_demographics.cd_education_status,C customer_demographics.cd_marital_status)}
	now running the 0th run on 4th index config
	now running the 1th run on 4th index config
	now running the 2th run on 4th index config
	now running the 3th run on 4th index config
iteration no: 77: 
	current index config: set()
	now running the 0th run on 0th index config
	now running the 1th run on 0th index config
	now running the 2th run on 0th index config
	now running the 3th run on 0th index config
	current index config: {I(C web_returns.wr_reason_sk,C web_returns.wr_fee)}
	now running the 0th run on 1th index config
	now running the 1th run on 1th index config
	now running the 2th run on 1th index config
	now running the 3th run on 1th index config
	current index config: {I(C web_returns.wr_refunded_addr_sk,C web_returns.wr_fee), I(C web_sales.ws_order_number,C web_sales.ws_quantity)}
	now running the 0th run on 2th index config
	now running the 1th run on 2th index config
	now running the 2th run on 2th index config
	now running the 3th run on 2th index config
	current index config: {I(C web_returns.wr_order_number,C web_returns.wr_refunded_cdemo_sk), I(C web_returns.wr_reason_sk), I(C web_sales.ws_item_sk,C web_sales.ws_sales_price)}
	now running the 0th run on 3th index config
	now running the 1th run on 3th index config
	now running the 2th run on 3th index config
	now running the 3th run on 3th index config
	current index config: {I(C web_sales.ws_order_number,C web_sales.ws_sold_date_sk), I(C web_sales.ws_sales_price,C web_sales.ws_web_page_sk), I(C reason.r_reason_desc,C reason.r_reason_sk), I(C web_returns.wr_fee,C web_returns.wr_order_number)}
	now running the 0th run on 4th index config
	now running the 1th run on 4th index config
	now running the 2th run on 4th index config
	now running the 3th run on 4th index config
iteration no: 78: 
	current index config: set()
	now running the 0th run on 0th index config
	now running the 1th run on 0th index config
	now running the 2th run on 0th index config
	now running the 3th run on 0th index config
	current index config: {I(C store_sales.ss_sales_price,C store_sales.ss_item_sk)}
	now running the 0th run on 1th index config
	now running the 1th run on 1th index config
	now running the 2th run on 1th index config
	now running the 3th run on 1th index config
	current index config: {I(C customer_demographics.cd_education_status,C customer_demographics.cd_marital_status), I(C store_sales.ss_sold_date_sk,C store_sales.ss_quantity)}
	now running the 0th run on 2th index config
	now running the 1th run on 2th index config
	now running the 2th run on 2th index config
	now running the 3th run on 2th index config
	current index config: {I(C store_sales.ss_item_sk,C store_sales.ss_coupon_amt), I(C item.i_category,C item.i_item_id), I(C store_sales.ss_quantity,C store_sales.ss_list_price)}
	now running the 0th run on 3th index config
	now running the 1th run on 3th index config
	now running the 2th run on 3th index config
	now running the 3th run on 3th index config
	current index config: {I(C store_sales.ss_store_sk,C store_sales.ss_cdemo_sk), I(C store_sales.ss_quantity,C store_sales.ss_item_sk), I(C item.i_category), I(C store_sales.ss_list_price)}
	now running the 0th run on 4th index config
	now running the 1th run on 4th index config
	now running the 2th run on 4th index config
	now running the 3th run on 4th index config
iteration no: 79: 
	current index config: set()
	now running the 0th run on 0th index config
	now running the 1th run on 0th index config
	now running the 2th run on 0th index config
	now running the 3th run on 0th index config
	current index config: {I(C store_sales.ss_quantity,C store_sales.ss_cdemo_sk)}
	now running the 0th run on 1th index config
	now running the 1th run on 1th index config
	now running the 2th run on 1th index config
	now running the 3th run on 1th index config
	current index config: {I(C store_sales.ss_list_price), I(C store_sales.ss_coupon_amt,C store_sales.ss_item_sk)}
	now running the 0th run on 2th index config
	now running the 1th run on 2th index config
	now running the 2th run on 2th index config
	now running the 3th run on 2th index config
	current index config: {I(C store_sales.ss_sold_date_sk,C store_sales.ss_item_sk), I(C customer_demographics.cd_marital_status), I(C store_sales.ss_sales_price,C store_sales.ss_cdemo_sk)}
	now running the 0th run on 3th index config
	now running the 1th run on 3th index config
	now running the 2th run on 3th index config
	now running the 3th run on 3th index config
	current index config: {I(C store_sales.ss_item_sk,C store_sales.ss_list_price), I(C item.i_item_id,C item.i_category), I(C store_sales.ss_quantity,C store_sales.ss_cdemo_sk), I(C customer_demographics.cd_demo_sk,C customer_demographics.cd_marital_status)}
	now running the 0th run on 4th index config
	now running the 1th run on 4th index config
	now running the 2th run on 4th index config
	now running the 3th run on 4th index config
iteration no: 80: 
	current index config: set()
	now running the 0th run on 0th index config
	now running the 1th run on 0th index config
	now running the 2th run on 0th index config
	now running the 3th run on 0th index config
	current index config: {I(C date_dim.d_year,C date_dim.d_date)}
	now running the 0th run on 1th index config
	now running the 1th run on 1th index config
	now running the 2th run on 1th index config
	now running the 3th run on 1th index config
	current index config: {I(C item.i_category,C item.i_item_sk), I(C store_sales.ss_sales_price,C store_sales.ss_list_price)}
	now running the 0th run on 2th index config
	now running the 1th run on 2th index config
	now running the 2th run on 2th index config
	now running the 3th run on 2th index config
	current index config: {I(C store_sales.ss_store_sk,C store_sales.ss_list_price), I(C customer_demographics.cd_education_status,C customer_demographics.cd_marital_status), I(C store_sales.ss_coupon_amt,C store_sales.ss_store_sk)}
	now running the 0th run on 3th index config
	now running the 1th run on 3th index config
	now running the 2th run on 3th index config
	now running the 3th run on 3th index config
	current index config: {I(C store_sales.ss_coupon_amt,C store_sales.ss_sales_price), I(C store_sales.ss_item_sk,C store_sales.ss_list_price), I(C date_dim.d_year,C date_dim.d_date), I(C item.i_category,C item.i_item_sk)}
	now running the 0th run on 4th index config
	now running the 1th run on 4th index config
	now running the 2th run on 4th index config
	now running the 3th run on 4th index config
iteration no: 81: 
	current index config: set()
	now running the 0th run on 0th index config
	now running the 1th run on 0th index config
	now running the 2th run on 0th index config
	now running the 3th run on 0th index config
	current index config: {I(C date_dim.d_date_sk)}
	now running the 0th run on 1th index config
	now running the 1th run on 1th index config
	now running the 2th run on 1th index config
	now running the 3th run on 1th index config
	current index config: {I(C web_sales.ws_sold_date_sk,C web_sales.ws_wholesale_cost), I(C store_sales.ss_list_price,C store_sales.ss_sold_date_sk)}
	now running the 0th run on 2th index config
	now running the 1th run on 2th index config
	now running the 2th run on 2th index config
	now running the 3th run on 2th index config
	current index config: {I(C catalog_sales.cs_list_price), I(C customer.c_customer_sk,C customer.c_first_name), I(C catalog_sales.cs_wholesale_cost,C catalog_sales.cs_bill_customer_sk)}
	now running the 0th run on 3th index config
	now running the 1th run on 3th index config
	now running the 2th run on 3th index config
	now running the 3th run on 3th index config
	current index config: {I(C catalog_sales.cs_list_price,C catalog_sales.cs_sold_date_sk), I(C catalog_sales.cs_wholesale_cost,C catalog_sales.cs_list_price), I(C web_sales.ws_list_price,C web_sales.ws_wholesale_cost), I(C customer.c_first_name,C customer.c_customer_sk)}
	now running the 0th run on 4th index config
	now running the 1th run on 4th index config
	now running the 2th run on 4th index config
	now running the 3th run on 4th index config
iteration no: 82: 
	current index config: set()
	now running the 0th run on 0th index config
	now running the 1th run on 0th index config
	now running the 2th run on 0th index config
	now running the 3th run on 0th index config
	current index config: {I(C store_sales.ss_sold_date_sk)}
	now running the 0th run on 1th index config
	now running the 1th run on 1th index config
	now running the 2th run on 1th index config
	now running the 3th run on 1th index config
	current index config: {I(C catalog_sales.cs_bill_customer_sk,C catalog_sales.cs_list_price), I(C date_dim.d_date_sk,C date_dim.d_month_seq)}
	now running the 0th run on 2th index config
	now running the 1th run on 2th index config
	now running the 2th run on 2th index config
	now running the 3th run on 2th index config
	current index config: {I(C customer.c_first_name,C customer.c_last_name), I(C store_sales.ss_customer_sk,C store_sales.ss_wholesale_cost), I(C date_dim.d_date)}
	now running the 0th run on 3th index config
	now running the 1th run on 3th index config
	now running the 2th run on 3th index config
	now running the 3th run on 3th index config
	current index config: {I(C web_sales.ws_sold_date_sk,C web_sales.ws_wholesale_cost), I(C store_sales.ss_list_price,C store_sales.ss_customer_sk), I(C catalog_sales.cs_bill_customer_sk,C catalog_sales.cs_wholesale_cost), I(C store_sales.ss_customer_sk,C store_sales.ss_list_price)}
	now running the 0th run on 4th index config
	now running the 1th run on 4th index config
	now running the 2th run on 4th index config
	now running the 3th run on 4th index config
iteration no: 83: 
	current index config: set()
	now running the 0th run on 0th index config
	now running the 1th run on 0th index config
	now running the 2th run on 0th index config
	now running the 3th run on 0th index config
	current index config: {I(C web_sales.ws_list_price)}
	now running the 0th run on 1th index config
	now running the 1th run on 1th index config
	now running the 2th run on 1th index config
	now running the 3th run on 1th index config
	current index config: {I(C store_sales.ss_sold_date_sk,C store_sales.ss_customer_sk), I(C store_sales.ss_wholesale_cost)}
	now running the 0th run on 2th index config
	now running the 1th run on 2th index config
	now running the 2th run on 2th index config
	now running the 3th run on 2th index config
	current index config: {I(C web_sales.ws_sold_date_sk), I(C catalog_sales.cs_list_price,C catalog_sales.cs_wholesale_cost), I(C store_sales.ss_list_price,C store_sales.ss_customer_sk)}
	now running the 0th run on 3th index config
	now running the 1th run on 3th index config
	now running the 2th run on 3th index config
	now running the 3th run on 3th index config
	current index config: {I(C web_sales.ws_wholesale_cost,C web_sales.ws_sold_date_sk), I(C web_sales.ws_list_price), I(C customer.c_customer_sk,C customer.c_birth_month), I(C store_sales.ss_wholesale_cost,C store_sales.ss_customer_sk)}
	now running the 0th run on 4th index config
	now running the 1th run on 4th index config
	now running the 2th run on 4th index config
	now running the 3th run on 4th index config
iteration no: 84: 
	current index config: set()
	now running the 0th run on 0th index config
	now running the 1th run on 0th index config
	now running the 2th run on 0th index config
	now running the 3th run on 0th index config
	current index config: {I(C web_sales.ws_warehouse_sk,C web_sales.ws_ship_addr_sk)}
	now running the 0th run on 1th index config
	now running the 1th run on 1th index config
	now running the 2th run on 1th index config
	now running the 3th run on 1th index config
	current index config: {I(C customer_address.ca_state,C customer_address.ca_address_sk), I(C web_sales.ws_net_profit,C web_sales.ws_ship_date_sk)}
	now running the 0th run on 2th index config
	now running the 1th run on 2th index config
	now running the 2th run on 2th index config
	now running the 3th run on 2th index config
	current index config: {I(C web_sales.ws_list_price,C web_sales.ws_ext_ship_cost), I(C web_sales.ws_ship_addr_sk,C web_sales.ws_net_profit), I(C web_sales.ws_order_number,C web_sales.ws_warehouse_sk)}
	now running the 0th run on 3th index config
	now running the 1th run on 3th index config
	now running the 2th run on 3th index config
	now running the 3th run on 3th index config
	current index config: {I(C web_sales.ws_web_site_sk,C web_sales.ws_net_profit), I(C web_sales.ws_ship_addr_sk,C web_sales.ws_web_site_sk), I(C web_sales.ws_ship_date_sk,C web_sales.ws_ext_ship_cost), I(C web_sales.ws_order_number,C web_sales.ws_ship_addr_sk)}
	now running the 0th run on 4th index config
	now running the 1th run on 4th index config
	now running the 2th run on 4th index config
	now running the 3th run on 4th index config
iteration no: 85: 
	current index config: set()
	now running the 0th run on 0th index config
	now running the 1th run on 0th index config
	now running the 2th run on 0th index config
	now running the 3th run on 0th index config
	current index config: {I(C web_sales.ws_web_site_sk,C web_sales.ws_ext_ship_cost)}
	now running the 0th run on 1th index config
	now running the 1th run on 1th index config
	now running the 2th run on 1th index config
	now running the 3th run on 1th index config
	current index config: {I(C web_sales.ws_ship_date_sk,C web_sales.ws_ext_ship_cost), I(C web_sales.ws_web_site_sk,C web_sales.ws_list_price)}
	now running the 0th run on 2th index config
	now running the 1th run on 2th index config
	now running the 2th run on 2th index config
	now running the 3th run on 2th index config
	current index config: {I(C web_sales.ws_list_price,C web_sales.ws_ext_ship_cost), I(C web_sales.ws_warehouse_sk,C web_sales.ws_list_price), I(C web_sales.ws_ext_ship_cost,C web_sales.ws_ship_addr_sk)}
	now running the 0th run on 3th index config
	now running the 1th run on 3th index config
	now running the 2th run on 3th index config
	now running the 3th run on 3th index config
	current index config: {I(C web_sales.ws_ship_date_sk,C web_sales.ws_order_number), I(C web_sales.ws_ship_addr_sk,C web_sales.ws_net_profit), I(C web_returns.wr_reason_sk,C web_returns.wr_order_number), I(C web_sales.ws_web_site_sk,C web_sales.ws_list_price)}
	now running the 0th run on 4th index config
	now running the 1th run on 4th index config
	now running the 2th run on 4th index config
	now running the 3th run on 4th index config
iteration no: 86: 
	current index config: set()
	now running the 0th run on 0th index config
	now running the 1th run on 0th index config
	now running the 2th run on 0th index config
	now running the 3th run on 0th index config
	current index config: {I(C web_sales.ws_web_site_sk,C web_sales.ws_warehouse_sk)}
	now running the 0th run on 1th index config
	now running the 1th run on 1th index config
	now running the 2th run on 1th index config
	now running the 3th run on 1th index config
	current index config: {I(C web_sales.ws_ship_date_sk), I(C web_site.web_site_sk,C web_site.web_gmt_offset)}
	now running the 0th run on 2th index config
	now running the 1th run on 2th index config
	now running the 2th run on 2th index config
	now running the 3th run on 2th index config
	current index config: {I(C web_sales.ws_warehouse_sk,C web_sales.ws_web_site_sk), I(C web_sales.ws_ship_addr_sk,C web_sales.ws_order_number), I(C date_dim.d_date)}
	now running the 0th run on 3th index config
	now running the 1th run on 3th index config
	now running the 2th run on 3th index config
	now running the 3th run on 3th index config
	current index config: {I(C web_returns.wr_order_number,C web_returns.wr_reason_sk), I(C web_sales.ws_order_number,C web_sales.ws_net_profit), I(C web_sales.ws_list_price), I(C web_sales.ws_ext_ship_cost,C web_sales.ws_warehouse_sk)}
	now running the 0th run on 4th index config
	now running the 1th run on 4th index config
	now running the 2th run on 4th index config
	now running the 3th run on 4th index config
iteration no: 87: 
	current index config: set()
	now running the 0th run on 0th index config
	now running the 1th run on 0th index config
	now running the 2th run on 0th index config
	now running the 3th run on 0th index config
	current index config: {I(C customer.c_current_addr_sk,C customer.c_current_hdemo_sk)}
	now running the 0th run on 1th index config
	now running the 1th run on 1th index config
	now running the 2th run on 1th index config
	now running the 3th run on 1th index config
	current index config: {I(C store_sales.ss_list_price,C store_sales.ss_ticket_number), I(C customer.c_first_name)}
	now running the 0th run on 2th index config
	now running the 1th run on 2th index config
	now running the 2th run on 2th index config
	now running the 3th run on 2th index config
	current index config: {I(C date_dim.d_date,C date_dim.d_date_sk), I(C store_returns.sr_item_sk,C store_returns.sr_returned_date_sk), I(C store_sales.ss_sales_price,C store_sales.ss_list_price)}
	now running the 0th run on 3th index config
	now running the 1th run on 3th index config
	now running the 2th run on 3th index config
	now running the 3th run on 3th index config
	current index config: {I(C customer.c_current_hdemo_sk,C customer.c_first_name), I(C customer.c_current_addr_sk), I(C date_dim.d_date,C date_dim.d_date_sk), I(C store_returns.sr_returned_date_sk)}
	now running the 0th run on 4th index config
	now running the 1th run on 4th index config
	now running the 2th run on 4th index config
	now running the 3th run on 4th index config
iteration no: 88: 
	current index config: set()
	now running the 0th run on 0th index config
	now running the 1th run on 0th index config
	now running the 2th run on 0th index config
	now running the 3th run on 0th index config
	current index config: {I(C customer_address.ca_state,C customer_address.ca_address_sk)}
	now running the 0th run on 1th index config
	now running the 1th run on 1th index config
	now running the 2th run on 1th index config
	now running the 3th run on 1th index config
	current index config: {I(C customer_address.ca_state), I(C store_returns.sr_item_sk,C store_returns.sr_returned_date_sk)}
	now running the 0th run on 2th index config
	now running the 1th run on 2th index config
	now running the 2th run on 2th index config
	now running the 3th run on 2th index config
	current index config: {I(C date_dim.d_year), I(C item.i_category,C item.i_item_sk), I(C web_sales.ws_item_sk,C web_sales.ws_bill_customer_sk)}
	now running the 0th run on 3th index config
	now running the 1th run on 3th index config
	now running the 2th run on 3th index config
	now running the 3th run on 3th index config
	current index config: {I(C household_demographics.hd_demo_sk,C household_demographics.hd_income_band_sk), I(C store_sales.ss_customer_sk), I(C web_sales.ws_bill_customer_sk), I(C store_sales.ss_ticket_number)}
	now running the 0th run on 4th index config
	now running the 1th run on 4th index config
	now running the 2th run on 4th index config
	now running the 3th run on 4th index config
iteration no: 89: 
	current index config: set()
	now running the 0th run on 0th index config
	now running the 1th run on 0th index config
	now running the 2th run on 0th index config
	now running the 3th run on 0th index config
	current index config: {I(C store_sales.ss_item_sk,C store_sales.ss_sales_price)}
	now running the 0th run on 1th index config
	now running the 1th run on 1th index config
	now running the 2th run on 1th index config
	now running the 3th run on 1th index config
	current index config: {I(C date_dim.d_date_sk,C date_dim.d_date), I(C web_sales.ws_sold_date_sk)}
	now running the 0th run on 2th index config
	now running the 1th run on 2th index config
	now running the 2th run on 2th index config
	now running the 3th run on 2th index config
	current index config: {I(C customer_address.ca_state), I(C household_demographics.hd_demo_sk,C household_demographics.hd_buy_potential), I(C store_sales.ss_item_sk,C store_sales.ss_sales_price)}
	now running the 0th run on 3th index config
	now running the 1th run on 3th index config
	now running the 2th run on 3th index config
	now running the 3th run on 3th index config
	current index config: {I(C customer.c_first_name,C customer.c_last_name), I(C store_sales.ss_item_sk,C store_sales.ss_ticket_number), I(C date_dim.d_year,C date_dim.d_date_sk), I(C customer_address.ca_state,C customer_address.ca_address_sk)}
	now running the 0th run on 4th index config
	now running the 1th run on 4th index config
	now running the 2th run on 4th index config
	now running the 3th run on 4th index config
iteration no: 90: 
	current index config: set()
	now running the 0th run on 0th index config
	now running the 1th run on 0th index config
	now running the 2th run on 0th index config
	now running the 3th run on 0th index config
	current index config: {I(C item.i_item_sk,C item.i_category)}
	now running the 0th run on 1th index config
	now running the 1th run on 1th index config
	now running the 2th run on 1th index config
	now running the 3th run on 1th index config
	current index config: {I(C inventory.inv_date_sk), I(C date_dim.d_year,C date_dim.d_date)}
	now running the 0th run on 2th index config
	now running the 1th run on 2th index config
	now running the 2th run on 2th index config
	now running the 3th run on 2th index config
	current index config: {I(C inventory.inv_date_sk,C inventory.inv_warehouse_sk), I(C item.i_category), I(C warehouse.w_warehouse_name)}
	now running the 0th run on 3th index config
	now running the 1th run on 3th index config
	now running the 2th run on 3th index config
	now running the 3th run on 3th index config
	current index config: {I(C warehouse.w_warehouse_sk), I(C item.i_manager_id), I(C date_dim.d_date_sk,C date_dim.d_moy), I(C inventory.inv_item_sk,C inventory.inv_quantity_on_hand)}
	now running the 0th run on 4th index config
	now running the 1th run on 4th index config
	now running the 2th run on 4th index config
	now running the 3th run on 4th index config
iteration no: 91: 
	current index config: set()
	now running the 0th run on 0th index config
	now running the 1th run on 0th index config
	now running the 2th run on 0th index config
	now running the 3th run on 0th index config
	current index config: {I(C inventory.inv_quantity_on_hand,C inventory.inv_item_sk)}
	now running the 0th run on 1th index config
	now running the 1th run on 1th index config
	now running the 2th run on 1th index config
	now running the 3th run on 1th index config
	current index config: {I(C warehouse.w_warehouse_sk,C warehouse.w_warehouse_name), I(C date_dim.d_date_sk,C date_dim.d_year)}
	now running the 0th run on 2th index config
	now running the 1th run on 2th index config
	now running the 2th run on 2th index config
	now running the 3th run on 2th index config
	current index config: {I(C inventory.inv_item_sk,C inventory.inv_date_sk), I(C item.i_item_sk), I(C date_dim.d_date_sk,C date_dim.d_year)}
	now running the 0th run on 3th index config
	now running the 1th run on 3th index config
	now running the 2th run on 3th index config
	now running the 3th run on 3th index config
	current index config: {I(C item.i_manager_id,C item.i_category), I(C date_dim.d_year,C date_dim.d_moy), I(C inventory.inv_date_sk,C inventory.inv_item_sk), I(C date_dim.d_date,C date_dim.d_date_sk)}
	now running the 0th run on 4th index config
	now running the 1th run on 4th index config
	now running the 2th run on 4th index config
	now running the 3th run on 4th index config
iteration no: 92: 
	current index config: set()
	now running the 0th run on 0th index config
	now running the 1th run on 0th index config
	now running the 2th run on 0th index config
	now running the 3th run on 0th index config
	current index config: {I(C inventory.inv_item_sk,C inventory.inv_warehouse_sk)}
	now running the 0th run on 1th index config
	now running the 1th run on 1th index config
	now running the 2th run on 1th index config
	now running the 3th run on 1th index config
	current index config: {I(C warehouse.w_warehouse_name), I(C date_dim.d_moy,C date_dim.d_date)}
	now running the 0th run on 2th index config
	now running the 1th run on 2th index config
	now running the 2th run on 2th index config
	now running the 3th run on 2th index config
	current index config: {I(C date_dim.d_date,C date_dim.d_moy), I(C item.i_category,C item.i_manager_id), I(C inventory.inv_quantity_on_hand,C inventory.inv_date_sk)}
	now running the 0th run on 3th index config
	now running the 1th run on 3th index config
	now running the 2th run on 3th index config
	now running the 3th run on 3th index config
	current index config: {I(C warehouse.w_warehouse_sk), I(C date_dim.d_date_sk), I(C item.i_manager_id,C item.i_item_sk), I(C date_dim.d_moy,C date_dim.d_year)}
	now running the 0th run on 4th index config
	now running the 1th run on 4th index config
	now running the 2th run on 4th index config
	now running the 3th run on 4th index config
iteration no: 93: 
	current index config: set()
	now running the 0th run on 0th index config
	now running the 1th run on 0th index config
	now running the 2th run on 0th index config
	now running the 3th run on 0th index config
	current index config: {I(C catalog_sales.cs_list_price,C catalog_sales.cs_ext_discount_amt)}
	now running the 0th run on 1th index config
	now running the 1th run on 1th index config
	now running the 2th run on 1th index config
	now running the 3th run on 1th index config
	current index config: {I(C catalog_sales.cs_sold_date_sk), I(C catalog_sales.cs_item_sk)}
	now running the 0th run on 2th index config
	now running the 1th run on 2th index config
	now running the 2th run on 2th index config
	now running the 3th run on 2th index config
	current index config: {I(C catalog_sales.cs_sold_date_sk,C catalog_sales.cs_list_price), I(C date_dim.d_date), I(C item.i_item_sk,C item.i_manufact)}
	now running the 0th run on 3th index config
	now running the 1th run on 3th index config
	now running the 2th run on 3th index config
	now running the 3th run on 3th index config
	current index config: {I(C catalog_sales.cs_list_price,C catalog_sales.cs_sold_date_sk), I(C catalog_sales.cs_ext_discount_amt,C catalog_sales.cs_item_sk), I(C catalog_sales.cs_list_price,C catalog_sales.cs_item_sk), I(C item.i_item_sk,C item.i_manufact_id)}
	now running the 0th run on 4th index config
	now running the 1th run on 4th index config
	now running the 2th run on 4th index config
	now running the 3th run on 4th index config
iteration no: 94: 
	current index config: set()
	now running the 0th run on 0th index config
